<?xml version="1.0" encoding="UTF-8"?>
<!-- Generated by org.testng.reporters.JUnitReportReporter -->
<testsuite skipped="0" hostname="VDUDDUKU-L470" name="testRunner.TestRunner" tests="1" failures="0" timestamp="2020-06-06T13:30:28 IST" time="2.455" errors="0">
  <testcase name="feature" time="2.455" classname="testRunner.TestRunner"/>
  <system-out/>
</testsuite> <!-- testRunner.TestRunner -->
