<?xml version="1.0" encoding="UTF-8"?>
<!-- Generated by org.testng.reporters.JUnitReportReporter -->
<testsuite skipped="0" hostname="VDUDDUKU-L470" name="testRunner.TestRunner" tests="5" failures="0" timestamp="2020-06-09T17:16:40 IST" time="3.245" errors="0">
  <testcase name="feature" time="2.508" classname="testRunner.TestRunner"/>
  <system-out/>
  <testcase name="feature" time="0.043" classname="testRunner.TestRunner"/>
  <system-out/>
  <testcase name="feature" time="0.581" classname="testRunner.TestRunner"/>
  <system-out/>
  <testcase name="feature" time="0.035" classname="testRunner.TestRunner"/>
  <system-out/>
  <testcase name="feature" time="0.078" classname="testRunner.TestRunner"/>
  <system-out/>
</testsuite> <!-- testRunner.TestRunner -->
